[2011-02-14 00-54-18] PHP Fatal error: Uncaught exception MemberAccessException with message 'Cannot write to an undeclared property TransactionPresenter::$matches.' in /home/kubiq/php/lpstore/libs/Nette/Utils/ObjectMixin.php:152  @  http://lpstore/transaction/suggest-dibi
[2011-02-14 01-00-42] PHP Fatal error: Uncaught exception DibiDriverException with message 'Unknown column 'publicated' in 'where clause'' in /home/kubiq/php/lpstore/libs/dibi/drivers/mysql.php:166  @  http://lpstore/transaction/suggest-dibi
[2011-02-14 01-23-41] PHP Fatal error: Uncaught exception DibiDriverException with message 'Unknown column 'publisshed' in 'where clause'' in /home/kubiq/php/lpstore/libs/dibi/drivers/mysql.php:166  @  http://lpstore//transaction/suggest-dibi?typedText=raven
[2011-02-14 09-35-06] PHP Fatal error: Argument 5 passed to SuggestInput::addSuggestInput() must implement interface ISuggester, integer given in /home/kubiq/php/lpstore/libs/SuggestInput/SuggestInput.php:262  @  http://lpstore/
[2011-02-14 16-35-40] PHP Fatal error: Uncaught exception InvalidArgumentException with message 'Component with name 'testForm' does not exist.' in /home/kubiq/php/lpstore/libs/Nette/ComponentModel/ComponentContainer.php:163  @  http://lpstore/transaction/add?name=Raven+Navy+Issue
[2011-02-14 16-37-14] PHP Fatal error: Uncaught exception InvalidArgumentException with message 'Component with name 'testForm' does not exist.' in /home/kubiq/php/lpstore/libs/Nette/ComponentModel/ComponentContainer.php:163  @  http://lpstore/transaction/add?name=Raven+Navy+Issue
[2011-02-14 16-55-19] PHP Fatal error: Uncaught exception MemberAccessException with message 'Call to undefined method Nette\Templates\FileTemplate::currency().' in /home/kubiq/php/lpstore/libs/Nette/Utils/ObjectMixin.php:71  @  http://lpstore/item/search/Ultraviolet%20S
[2011-02-14 17-05-15] PHP Fatal error: Uncaught exception MemberAccessException with message 'Call to undefined method Nette\Templates\FileTemplate::currency().' in /home/kubiq/php/lpstore/libs/Nette/Utils/ObjectMixin.php:71  @  http://lpstore/item/search/Ultraviolet%20S
[2011-02-14 17-08-37] PHP Fatal error: Uncaught exception MemberAccessException with message 'Call to undefined method Nette\Templates\FileTemplate::currency().' in /home/kubiq/php/lpstore/libs/Nette/Utils/ObjectMixin.php:71  @  http://lpstore/item/search/Ultraviolet%20S
[2011-02-14 17-08-57] PHP Fatal error: Uncaught exception MemberAccessException with message 'Call to undefined method Nette\Templates\FileTemplate::currency().' in /home/kubiq/php/lpstore/libs/Nette/Utils/ObjectMixin.php:71  @  http://lpstore/item/search/Ultraviolet%20S
[2011-02-14 17-08-58] PHP Fatal error: Uncaught exception MemberAccessException with message 'Call to undefined method Nette\Templates\FileTemplate::currency().' in /home/kubiq/php/lpstore/libs/Nette/Utils/ObjectMixin.php:71  @  http://lpstore/item/search/Ultraviolet%20S
[2011-02-15 15-47-10] PHP Fatal error: Uncaught exception DibiDriverException with message 'Column count doesn't match value count at row 1' in /home/kubiq/php/lpstore/libs/dibi/drivers/mysql.php:166  @  http://lpstore/transaction/add?name=Raven+Navy+Issue&do=transactionForm-submit
[2011-02-15 15-51-23] PHP Fatal error: Uncaught exception InvalidStateException with message 'couldnt add trans to db' in /home/kubiq/php/lpstore/app/models/TransactionModel.php:19  @  http://lpstore/transaction/add?name=Raven+Navy+Issue&do=transactionForm-submit
[2011-02-15 15-53-07] PHP Fatal error: Uncaught exception DibiDriverException with message 'Column count doesn't match value count at row 1' in /home/kubiq/php/lpstore/libs/dibi/drivers/mysql.php:166  @  http://lpstore/transaction/add?name=Raven+Navy+Issue&do=transactionForm-submit
[2011-02-15 17-05-18] PHP Fatal error: Uncaught exception DibiDriverException with message 'Unknown column 'typeID' in 'where clause'' in /home/kubiq/php/lpstore/libs/dibi/drivers/mysql.php:166  @  http://lpstore/item/detail?name=Raven+Navy+Issue&_fid=777b
[2011-02-15 21-24-47] PHP Fatal error: Uncaught exception InvalidArgumentException with message 'Invalid argument passed to foreach resp. Nette\SmartCachingIterator; array or Traversable expected, NULL given.' in /home/kubiq/php/lpstore/libs/Nette/Utils/Iterators/SmartCachingIterator.php:50  @  http://lpstore/item/detail?name=Raven+Navy+Issue&_fid=777b
[2011-02-15 21-37-35] PHP Fatal error: Uncaught exception InvalidArgumentException with message 'Invalid argument passed to foreach resp. Nette\SmartCachingIterator; array or Traversable expected, NULL given.' in /home/kubiq/php/lpstore/libs/Nette/Utils/Iterators/SmartCachingIterator.php:50  @  http://lpstore/item/detail?name=Raven+Navy+Issue&_fid=777b
[2011-02-15 21-58-48] PHP Fatal error: Uncaught exception InvalidArgumentException with message 'Invalid argument passed to foreach resp. Nette\SmartCachingIterator; array or Traversable expected, NULL given.' in /home/kubiq/php/lpstore/libs/Nette/Utils/Iterators/SmartCachingIterator.php:50  @  http://lpstore/item/detail?name=Raven+Navy+Issue&_fid=777b
[2011-02-15 22-02-05] PHP Fatal error: Uncaught exception InvalidArgumentException with message 'Invalid argument passed to foreach resp. Nette\SmartCachingIterator; array or Traversable expected, NULL given.' in /home/kubiq/php/lpstore/libs/Nette/Utils/Iterators/SmartCachingIterator.php:50  @  http://lpstore/item/detail?name=Raven+Navy+Issue&_fid=777b
[2011-02-15 22-02-13] PHP Fatal error: Uncaught exception InvalidArgumentException with message 'Invalid argument passed to foreach resp. Nette\SmartCachingIterator; array or Traversable expected, NULL given.' in /home/kubiq/php/lpstore/libs/Nette/Utils/Iterators/SmartCachingIterator.php:50  @  http://lpstore/item/detail?name=Raven+Navy+Issue
[2011-02-15 22-03-25] PHP Fatal error: Uncaught exception InvalidArgumentException with message 'Invalid argument passed to foreach resp. Nette\SmartCachingIterator; array or Traversable expected, NULL given.' in /home/kubiq/php/lpstore/libs/Nette/Utils/Iterators/SmartCachingIterator.php:50  @  http://lpstore/item/detail?name=Raven+Navy+Issue
[2011-02-16 10-25-18] PHP Fatal error: Uncaught exception InvalidArgumentException with message 'Invalid argument passed to foreach resp. Nette\SmartCachingIterator; array or Traversable expected, boolean given.' in /home/kubiq/php/lpstore/libs/Nette/Utils/Iterators/SmartCachingIterator.php:50  @  http://lpstore/item/detail?name=Nightmare&_fid=jqjq
[2011-02-16 10-34-49] PHP Fatal error: Uncaught exception InvalidArgumentException with message 'Invalid argument passed to foreach resp. Nette\SmartCachingIterator; array or Traversable expected, boolean given.' in /home/kubiq/php/lpstore/libs/Nette/Utils/Iterators/SmartCachingIterator.php:50  @  http://lpstore/item/detail?name=Nightmare&_fid=jqjq
[2011-02-22 16-41-22] PHP Fatal error: Uncaught exception DibiDriverException with message 'Access denied for user 'ic_lpstore'@'79-98-72-219.sys-data.com' (using password: YES)' in /home/kubiq/php/lpstore/libs/dibi/drivers/mysql.php:109  @  http://lpstore/item/search/rave
[2011-02-23 22-45-39] PHP Fatal error: Uncaught exception DibiDriverException with message 'Access denied for user 'ic_lpstore'@'fixed-140.rjnet.cz' (using password: YES)' in /home/kubiq/php/lpstore/libs/dibi/drivers/mysql.php:109  @  http://lpstore/item/search/invule
[2011-05-12 12-41-27] PHP Fatal error: Uncaught exception DibiDriverException with message 'You have an error in your SQL syntax; check the manual that corresponds to your MySQL server version for the right syntax to use near 'NULL OFFSET 0' at line 6' in /home/kubiq/php/lpstore/libs/dibi/drivers/mysql.php:166  @  http://localhost/lpstore/?querry=rave&do=autoComplete&q=rav
[2011-05-12 16-36-19] PHP Fatal error: Uncaught exception Nette\Templates\LatteException with message 'Unknown macro {source: "?do=autoComplete",	minLength: 3} in .../Transaction/add.latte:3' in /home/kubiq/php/lpstore/libs/Nette/Templates/Filters/LatteFilter.php:147  @  http://localhost/lpstore/?name=Raven&action=add&presenter=Transaction
[2011-05-12 18-59-19] PHP Fatal error: Uncaught exception DibiDriverException with message 'Unknown column 'typeName' in 'where clause'' in /home/kubiq/php/lpstore/libs/dibi/drivers/mysql.php:166  @  http://localhost/lpstore/?name=Vexor&action=add&do=transactionForm-submit&presenter=Transaction
[2011-05-12 18-59-41] PHP Fatal error: Uncaught exception DibiDriverException with message 'Unknown column 'typeName' in 'where clause'' in /home/kubiq/php/lpstore/libs/dibi/drivers/mysql.php:166  @  http://localhost/lpstore/?name=Vexor&action=add&do=transactionForm-submit&presenter=Transaction
[2011-05-12 20-34-01] PHP Fatal error: Uncaught exception DibiException with message 'SQL translate error' in /home/kubiq/php/lpstore/libs/dibi/libs/DibiTranslator.php:170  @  http://localhost/lpstore/?do=autoComplete&term=vex
[2011-05-12 20-36-10] PHP Fatal error: Uncaught exception DibiException with message 'SQL translate error' in /home/kubiq/php/lpstore/libs/dibi/libs/DibiTranslator.php:170  @  http://localhost/lpstore/?do=autoComplete&term=vex
[2011-05-12 20-36-57] PHP Fatal error: Uncaught exception DibiException with message 'SQL translate error' in /home/kubiq/php/lpstore/libs/dibi/libs/DibiTranslator.php:170  @  http://localhost/lpstore/?do=autoComplete&term=vex
[2011-05-12 20-37-51] PHP Fatal error: Uncaught exception DibiException with message 'SQL translate error' in /home/kubiq/php/lpstore/libs/dibi/libs/DibiTranslator.php:170  @  http://localhost/lpstore/?do=autoComplete&term=vex
[2011-05-12 20-38-00] PHP Fatal error: Uncaught exception DibiException with message 'SQL translate error' in /home/kubiq/php/lpstore/libs/dibi/libs/DibiTranslator.php:170  @  http://localhost/lpstore/?do=autoComplete&term=vex
[2011-05-13 12-32-25] PHP Fatal error: Uncaught exception DibiDriverException with message 'Unknown column 'C.corp' in 'field list'' in /home/kubiq/php/lpstore/libs/dibi/drivers/mysql.php:166  @  http://localhost/lpstore/?name=Raven&action=detail
[2011-05-13 13-03-52] PHP Fatal error: Uncaught exception DibiException with message 'SQL translate error' in /home/kubiq/php/lpstore/libs/dibi/libs/DibiTranslator.php:170  @  http://localhost/lpstore/?name=Raven&action=detail
[2011-05-13 13-04-30] PHP Fatal error: Uncaught exception DibiException with message 'SQL translate error' in /home/kubiq/php/lpstore/libs/dibi/libs/DibiTranslator.php:170  @  http://localhost/lpstore/?name=Raven&action=detail
[2011-05-13 13-04-41] PHP Fatal error: Uncaught exception DibiException with message 'SQL translate error' in /home/kubiq/php/lpstore/libs/dibi/libs/DibiTranslator.php:170  @  http://localhost/lpstore/?name=Raven&action=detail
[2011-05-13 18-36-58] PHP Fatal error: Uncaught exception InvalidArgumentException with message 'Component with name 'item2' does not exist.' in /home/kubiq/php/lpstore/libs/Nette/ComponentModel/ComponentContainer.php:163  @  http://localhost/lpstore/?name=Raven&action=add&presenter=Transaction
[2011-05-13 18-37-58] PHP Fatal error: Uncaught exception InvalidArgumentException with message 'Component with name 'item2' does not exist.' in /home/kubiq/php/lpstore/libs/Nette/ComponentModel/ComponentContainer.php:163  @  http://localhost/lpstore/?name=Raven&action=add&presenter=Transaction
[2011-05-14 20-04-35] PHP Fatal error: Uncaught exception DibiDriverException with message 'Access denied for user 'lp.7u.cz'@'localhost' (using password: YES)' in /home/kubiq/php/lpstore/libs/dibi/drivers/mysql.php:109  @  http://localhost/lpstore/?name=Raven&action=detail  @@  exception 2011-05-14 20-04-35 19f6ce40fbbd9166c484de51d6c5f36c.html
[2011-05-14 20-08-19] PHP Fatal error: Uncaught exception DibiDriverException with message 'Access denied for user 'lp.7u.cz'@'localhost' (using password: YES)' in /home/kubiq/php/lpstore/libs/dibi/drivers/mysql.php:109  @  http://localhost/lpstore/?name=Raven&action=detail
[2011-05-14 20-09-41] PHP Fatal error: Uncaught exception DibiDriverException with message 'Access denied for user 'lp.7u.cz'@'localhost' (using password: YES)' in /home/kubiq/php/lpstore/libs/dibi/drivers/mysql.php:109  @  http://localhost/lpstore/?name=Raven&action=detail
[2011-05-14 20-10-12] PHP Fatal error: Uncaught exception DibiDriverException with message 'Access denied for user 'lp.7u.cz'@'localhost' (using password: YES)' in /home/kubiq/php/lpstore/libs/dibi/drivers/mysql.php:109  @  http://localhost/lpstore/?name=Raven&action=detail
[2011-05-14 20-23-41] PHP Fatal error: Uncaught exception InvalidStateException with message 'Ambiguous class 'Nette\IComponentContainer' resolution; defined in /home/kubiq/php/lpstore/libs/Nette/ComponentModel/IComponentContainer.php and in /home/kubiq/php/lpstore/libs/Nette/ComponentModel/IContainer.php.' in /home/kubiq/php/lpstore/libs/Nette/Loaders/RobotLoader.php:204  @  http://192.168.1.133/lpstore/?q=456&action=search  @@  exception 2011-05-14 20-23-41 0d22b42463772a05f3306ccb65d25874.html
[2011-05-14 20-25-09] PHP Fatal error: Uncaught exception InvalidStateException with message 'Ambiguous class 'Nette\ComponentContainer' resolution; defined in /home/kubiq/php/lpstore/libs/Nette/ComponentModel/ComponentContainer.php and in /home/kubiq/php/lpstore/libs/Nette/ComponentModel/Container.php.' in /home/kubiq/php/lpstore/libs/Nette/Loaders/RobotLoader.php:204  @  http://192.168.1.133/lpstore/?q=456&action=search  @@  exception 2011-05-14 20-25-09 e2d25de9e94f0a22435ecc64b12f587b.html
